TN:
SF:/workspace/src/StringUtils.cpp
FNL:0,101,103
FNA:0,6,_ZN11StringUtils5StripERKNSt7__cxx1112basic_stringIcSt11char_traitsIcESaIcEEE
FNL:1,105,122
FNA:1,8,_ZN11StringUtils6CenterERKNSt7__cxx1112basic_stringIcSt11char_traitsIcESaIcEEEic
FNL:2,124,135
FNA:2,6,_ZN11StringUtils5LJustERKNSt7__cxx1112basic_stringIcSt11char_traitsIcESaIcEEEic
FNL:3,137,149
FNA:3,6,_ZN11StringUtils5RJustERKNSt7__cxx1112basic_stringIcSt11char_traitsIcESaIcEEEic
FNL:4,151,185
FNA:4,7,_ZN11StringUtils7ReplaceERKNSt7__cxx1112basic_stringIcSt11char_traitsIcESaIcEEES7_S7_
FNL:5,187,227
FNA:5,9,_ZN11StringUtils5SplitERKNSt7__cxx1112basic_stringIcSt11char_traitsIcESaIcEEES7_
FNL:6,229,240
FNA:6,5,_ZN11StringUtils4JoinERKNSt7__cxx1112basic_stringIcSt11char_traitsIcESaIcEEERKSt6vectorIS5_SaIS5_EE
FNL:7,242,282
FNA:7,10,_ZN11StringUtils10ExpandTabsERKNSt7__cxx1112basic_stringIcSt11char_traitsIcESaIcEEEi
FNL:8,284,335
FNA:8,13,_ZN11StringUtils12EditDistanceERKNSt7__cxx1112basic_stringIcSt11char_traitsIcESaIcEEES7_b
FNL:9,43,54
FNA:9,6,_ZN11StringUtils10CapitalizeERKNSt7__cxx1112basic_stringIcSt11char_traitsIcESaIcEEE
FNL:10,56,62
FNA:10,3,_ZN11StringUtils5UpperERKNSt7__cxx1112basic_stringIcSt11char_traitsIcESaIcEEE
FNL:11,6,41
FNA:11,13,_ZN11StringUtils5SliceERKNSt7__cxx1112basic_stringIcSt11char_traitsIcESaIcEEEll
FNL:12,64,70
FNA:12,3,_ZN11StringUtils5LowerERKNSt7__cxx1112basic_stringIcSt11char_traitsIcESaIcEEE
FNL:13,72,84
FNA:13,12,_ZN11StringUtils6LStripERKNSt7__cxx1112basic_stringIcSt11char_traitsIcESaIcEEE
FNL:14,86,99
FNA:14,12,_ZN11StringUtils6RStripERKNSt7__cxx1112basic_stringIcSt11char_traitsIcESaIcEEE
FNF:15
FNH:15
DA:6,13
DA:7,13
DA:10,13
DA:11,5
DA:15,13
DA:16,4
DA:18,13
DA:19,3
DA:23,13
DA:24,2
DA:26,13
DA:27,0
DA:29,13
DA:30,1
DA:32,13
DA:33,1
DA:36,13
DA:37,6
DA:40,10
DA:43,6
DA:44,6
DA:45,2
DA:48,5
DA:49,28
DA:50,23
DA:52,5
DA:53,5
DA:54,5
DA:56,3
DA:57,3
DA:58,20
DA:59,17
DA:61,3
DA:64,3
DA:65,3
DA:66,20
DA:67,17
DA:69,3
DA:72,12
DA:75,12
DA:76,4
DA:79,10
DA:80,40
DA:81,30
DA:83,10
DA:86,12
DA:89,12
DA:90,6
DA:94,9
DA:95,32
DA:96,23
DA:98,9
DA:101,6
DA:102,6
DA:105,8
DA:106,8
DA:108,8
DA:109,4
DA:113,4
DA:115,4
DA:116,4
DA:117,4
DA:119,12
DA:121,4
DA:122,4
DA:124,6
DA:125,6
DA:127,6
DA:128,4
DA:131,2
DA:132,2
DA:133,2
DA:134,2
DA:135,2
DA:137,6
DA:138,6
DA:140,6
DA:141,4
DA:144,2
DA:145,2
DA:146,2
DA:148,2
DA:149,2
DA:151,7
DA:153,7
DA:154,2
DA:155,2
DA:156,2
DA:159,5
DA:160,3
DA:161,3
DA:163,2
DA:164,0
DA:166,5
DA:167,5
DA:169,5
DA:173,15
DA:174,15
DA:175,5
DA:176,5
DA:180,10
DA:181,10
DA:182,10
DA:183,10
DA:184,5
DA:185,5
DA:187,9
DA:188,9
DA:190,9
DA:191,3
DA:192,6
DA:194,19
DA:195,14
DA:198,5
DA:199,2
DA:202,3
DA:203,6
DA:204,3
DA:207,3
DA:209,3
DA:214,6
DA:216,16
DA:217,16
DA:220,6
DA:221,6
DA:223,10
DA:224,10
DA:225,10
DA:226,6
DA:229,5
DA:230,5
DA:231,2
DA:234,4
DA:235,10
DA:236,6
DA:237,6
DA:239,4
DA:240,4
DA:242,10
DA:243,10
DA:244,1
DA:247,10
DA:248,10
DA:250,10
DA:251,46
DA:253,36
DA:254,36
DA:255,11
DA:256,1
DA:261,10
DA:263,10
DA:264,10
DA:265,10
DA:266,10
DA:272,25
DA:273,25
DA:274,2
DA:276,23
DA:281,10
DA:284,13
DA:287,13
DA:288,13
DA:290,13
DA:291,2
DA:293,11
DA:294,2
DA:297,9
DA:299,50
DA:300,41
DA:302,51
DA:303,42
DA:306,41
DA:307,32
DA:308,32
DA:309,5
DA:312,173
DA:313,141
DA:314,141
DA:315,13
DA:318,141
DA:320,141
DA:321,141
DA:322,141
DA:326,141
DA:327,141
DA:328,141
DA:330,141
DA:334,9
DA:335,9
LF:189
LH:187
end_of_record
