TN:
SF:/workspace/src/StringUtils.cpp
FNL:0,101,103
FNA:0,6,_ZN11StringUtils5StripERKNSt7__cxx1112basic_stringIcSt11char_traitsIcESaIcEEE
FNL:1,105,122
FNA:1,7,_ZN11StringUtils6CenterERKNSt7__cxx1112basic_stringIcSt11char_traitsIcESaIcEEEic
FNL:2,124,135
FNA:2,6,_ZN11StringUtils5LJustERKNSt7__cxx1112basic_stringIcSt11char_traitsIcESaIcEEEic
FNL:3,137,149
FNA:3,6,_ZN11StringUtils5RJustERKNSt7__cxx1112basic_stringIcSt11char_traitsIcESaIcEEEic
FNL:4,151,185
FNA:4,6,_ZN11StringUtils7ReplaceERKNSt7__cxx1112basic_stringIcSt11char_traitsIcESaIcEEES7_S7_
FNL:5,187,227
FNA:5,8,_ZN11StringUtils5SplitERKNSt7__cxx1112basic_stringIcSt11char_traitsIcESaIcEEES7_
FNL:6,229,240
FNA:6,5,_ZN11StringUtils4JoinERKNSt7__cxx1112basic_stringIcSt11char_traitsIcESaIcEEERKSt6vectorIS5_SaIS5_EE
FNL:7,242,282
FNA:7,7,_ZN11StringUtils10ExpandTabsERKNSt7__cxx1112basic_stringIcSt11char_traitsIcESaIcEEEi
FNL:8,284,335
FNA:8,11,_ZN11StringUtils12EditDistanceERKNSt7__cxx1112basic_stringIcSt11char_traitsIcESaIcEEES7_b
FNL:9,43,54
FNA:9,6,_ZN11StringUtils10CapitalizeERKNSt7__cxx1112basic_stringIcSt11char_traitsIcESaIcEEE
FNL:10,56,62
FNA:10,3,_ZN11StringUtils5UpperERKNSt7__cxx1112basic_stringIcSt11char_traitsIcESaIcEEE
FNL:11,6,41
FNA:11,12,_ZN11StringUtils5SliceERKNSt7__cxx1112basic_stringIcSt11char_traitsIcESaIcEEEll
FNL:12,64,70
FNA:12,3,_ZN11StringUtils5LowerERKNSt7__cxx1112basic_stringIcSt11char_traitsIcESaIcEEE
FNL:13,72,84
FNA:13,11,_ZN11StringUtils6LStripERKNSt7__cxx1112basic_stringIcSt11char_traitsIcESaIcEEE
FNL:14,86,99
FNA:14,11,_ZN11StringUtils6RStripERKNSt7__cxx1112basic_stringIcSt11char_traitsIcESaIcEEE
FNF:15
FNH:15
DA:6,12
DA:7,12
DA:10,12
DA:11,5
DA:15,12
DA:16,3
DA:18,12
DA:19,2
DA:23,12
DA:24,1
DA:26,12
DA:27,0
DA:29,12
DA:30,1
DA:32,12
DA:33,1
DA:36,12
DA:37,6
DA:40,9
DA:43,6
DA:44,6
DA:45,2
DA:48,5
DA:49,28
DA:50,23
DA:52,5
DA:53,5
DA:54,5
DA:56,3
DA:57,3
DA:58,20
DA:59,17
DA:61,3
DA:64,3
DA:65,3
DA:66,20
DA:67,17
DA:69,3
DA:72,11
DA:75,11
DA:76,4
DA:79,9
DA:80,34
DA:81,25
DA:83,9
DA:86,11
DA:89,11
DA:90,6
DA:94,8
DA:95,26
DA:96,18
DA:98,8
DA:101,6
DA:102,6
DA:105,7
DA:106,7
DA:108,7
DA:109,4
DA:113,3
DA:115,3
DA:116,3
DA:117,3
DA:119,9
DA:121,3
DA:122,3
DA:124,6
DA:125,6
DA:127,6
DA:128,4
DA:131,2
DA:132,2
DA:133,2
DA:134,2
DA:135,2
DA:137,6
DA:138,6
DA:140,6
DA:141,4
DA:144,2
DA:145,2
DA:146,2
DA:148,2
DA:149,2
DA:151,6
DA:153,6
DA:154,2
DA:155,2
DA:156,2
DA:159,5
DA:160,3
DA:161,3
DA:163,2
DA:164,0
DA:166,4
DA:167,4
DA:169,4
DA:173,10
DA:174,10
DA:175,4
DA:176,4
DA:180,6
DA:181,6
DA:182,6
DA:183,6
DA:184,4
DA:185,4
DA:187,8
DA:188,8
DA:190,8
DA:191,3
DA:192,6
DA:194,19
DA:195,14
DA:198,5
DA:199,2
DA:202,3
DA:203,6
DA:204,3
DA:207,3
DA:209,3
DA:214,5
DA:216,13
DA:217,13
DA:220,5
DA:221,5
DA:223,8
DA:224,8
DA:225,8
DA:226,5
DA:229,5
DA:230,5
DA:231,2
DA:234,4
DA:235,10
DA:236,6
DA:237,6
DA:239,4
DA:240,4
DA:242,7
DA:243,7
DA:244,1
DA:247,7
DA:248,7
DA:250,7
DA:251,33
DA:253,26
DA:254,26
DA:255,8
DA:256,1
DA:261,7
DA:263,7
DA:264,7
DA:265,7
DA:266,7
DA:272,18
DA:273,18
DA:274,1
DA:276,17
DA:281,7
DA:284,11
DA:287,11
DA:288,11
DA:290,11
DA:291,2
DA:293,9
DA:294,2
DA:297,7
DA:299,43
DA:300,36
DA:302,44
DA:303,37
DA:306,36
DA:307,29
DA:308,29
DA:309,3
DA:312,165
DA:313,136
DA:314,136
DA:315,9
DA:318,136
DA:320,136
DA:321,136
DA:322,136
DA:326,136
DA:327,136
DA:328,136
DA:330,136
DA:334,7
DA:335,7
LF:189
LH:187
end_of_record
